2014/11/29 01:11:00 [error] [php] Undefined variable: method (C:\wamp\www\cineBack\protected\controllers\ApiController.php:27)
Stack trace:
#0 C:\wamp\www\Yii\framework\web\CController.php(286): ApiController->runAction()
#1 C:\wamp\www\Yii\framework\web\CController.php(265): ApiController->runActionWithFilters()
#2 C:\wamp\www\Yii\framework\web\CWebApplication.php(282): ApiController->run()
#3 C:\wamp\www\Yii\framework\web\CWebApplication.php(141): CWebApplication->runController()
#4 C:\wamp\www\Yii\framework\base\CApplication.php(180): CWebApplication->processRequest()
#5 C:\wamp\www\cineBack\index.php(13): CWebApplication->run()
REQUEST_URI=/cineBack/index.php/api/Ciudad?ciudad=Culiacan%22
in C:\wamp\www\cineBack\protected\controllers\ApiController.php (27)
in C:\wamp\www\cineBack\index.php (13)
2014/11/29 01:17:42 [error] [exception.CDbException] exception 'CDbException' with message 'CDbConnection failed to open the DB connection: SQLSTATE[HY000] [1045] Access denied for user 'root'@'localhost' (using password: YES)' in C:\wamp\www\Yii\framework\db\CDbConnection.php:382
Stack trace:
#0 C:\wamp\www\Yii\framework\db\CDbConnection.php(330): CDbConnection->open()
#1 C:\wamp\www\Yii\framework\db\CDbConnection.php(308): CDbConnection->setActive(true)
#2 C:\wamp\www\Yii\framework\base\CModule.php(387): CDbConnection->init()
#3 C:\wamp\www\Yii\framework\base\CApplication.php(450): CModule->getComponent('db')
#4 C:\wamp\www\Yii\framework\db\ar\CActiveRecord.php(634): CApplication->getDb()
#5 C:\wamp\www\Yii\framework\db\ar\CActiveRecord.php(667): CActiveRecord->getDbConnection()
#6 C:\wamp\www\Yii\framework\db\ar\CActiveRecord.php(1469): CActiveRecord->getCommandBuilder()
#7 C:\wamp\www\cineBack\protected\models\Ciudad.php(27): CActiveRecord->findAll(Object(CDbCriteria))
#8 C:\wamp\www\cineBack\protected\controllers\ApiController.php(29): Ciudad->getComplejos('Culiacan"')
#9 C:\wamp\www\Yii\framework\web\actions\CInlineAction.php(49): ApiController->actionCiudad()
#10 C:\wamp\www\Yii\framework\web\CController.php(308): CInlineAction->runWithParams(Array)
#11 C:\wamp\www\Yii\framework\web\CController.php(286): CController->runAction(Object(CInlineAction))
#12 C:\wamp\www\Yii\framework\web\CController.php(265): CController->runActionWithFilters(Object(CInlineAction), Array)
#13 C:\wamp\www\Yii\framework\web\CWebApplication.php(282): CController->run('Ciudad')
#14 C:\wamp\www\Yii\framework\web\CWebApplication.php(141): CWebApplication->runController('api/Ciudad')
#15 C:\wamp\www\Yii\framework\base\CApplication.php(180): CWebApplication->processRequest()
#16 C:\wamp\www\cineBack\index.php(13): CApplication->run()
#17 {main}
REQUEST_URI=/cineBack/index.php/api/Ciudad?ciudad=Culiacan%22
---
2014/11/29 01:18:38 [error] [system.db.CDbCommand] CDbCommand::fetchAll() failed: SQLSTATE[42S22]: Column not found: 1054 Unknown column 'ciudad' in 'where clause'. The SQL statement executed was: SELECT * FROM `ciudades` `t` WHERE ciudad = :ciudad.
in C:\wamp\www\cineBack\protected\models\Ciudad.php (27)
in C:\wamp\www\cineBack\protected\controllers\ApiController.php (29)
in C:\wamp\www\cineBack\index.php (13)
2014/11/29 01:18:38 [error] [exception.CDbException] exception 'CDbException' with message 'CDbCommand failed to execute the SQL statement: SQLSTATE[42S22]: Column not found: 1054 Unknown column 'ciudad' in 'where clause'. The SQL statement executed was: SELECT * FROM `ciudades` `t` WHERE ciudad = :ciudad' in C:\wamp\www\Yii\framework\db\CDbCommand.php:543
Stack trace:
#0 C:\wamp\www\Yii\framework\db\CDbCommand.php(396): CDbCommand->queryInternal('fetchAll', Array, Array)
#1 C:\wamp\www\Yii\framework\db\ar\CActiveRecord.php(1351): CDbCommand->queryAll()
#2 C:\wamp\www\Yii\framework\db\ar\CActiveRecord.php(1470): CActiveRecord->query(Object(CDbCriteria), true)
#3 C:\wamp\www\cineBack\protected\models\Ciudad.php(27): CActiveRecord->findAll(Object(CDbCriteria))
#4 C:\wamp\www\cineBack\protected\controllers\ApiController.php(29): Ciudad->getComplejos('Culiacan"')
#5 C:\wamp\www\Yii\framework\web\actions\CInlineAction.php(49): ApiController->actionCiudad()
#6 C:\wamp\www\Yii\framework\web\CController.php(308): CInlineAction->runWithParams(Array)
#7 C:\wamp\www\Yii\framework\web\CController.php(286): CController->runAction(Object(CInlineAction))
#8 C:\wamp\www\Yii\framework\web\CController.php(265): CController->runActionWithFilters(Object(CInlineAction), Array)
#9 C:\wamp\www\Yii\framework\web\CWebApplication.php(282): CController->run('Ciudad')
#10 C:\wamp\www\Yii\framework\web\CWebApplication.php(141): CWebApplication->runController('api/Ciudad')
#11 C:\wamp\www\Yii\framework\base\CApplication.php(180): CWebApplication->processRequest()
#12 C:\wamp\www\cineBack\index.php(13): CApplication->run()
#13 {main}
REQUEST_URI=/cineBack/index.php/api/Ciudad?ciudad=Culiacan%22
---
2014/11/29 01:19:07 [error] [exception.CException] exception 'CException' with message 'ApiController and its behaviors do not have a method or closure named "resultado".' in C:\wamp\www\Yii\framework\base\CComponent.php:266
Stack trace:
#0 C:\wamp\www\cineBack\protected\controllers\ApiController.php(30): CComponent->__call('resultado', Array)
#1 C:\wamp\www\cineBack\protected\controllers\ApiController.php(30): ApiController->resultado(Array)
#2 C:\wamp\www\Yii\framework\web\actions\CInlineAction.php(49): ApiController->actionCiudad()
#3 C:\wamp\www\Yii\framework\web\CController.php(308): CInlineAction->runWithParams(Array)
#4 C:\wamp\www\Yii\framework\web\CController.php(286): CController->runAction(Object(CInlineAction))
#5 C:\wamp\www\Yii\framework\web\CController.php(265): CController->runActionWithFilters(Object(CInlineAction), Array)
#6 C:\wamp\www\Yii\framework\web\CWebApplication.php(282): CController->run('Ciudad')
#7 C:\wamp\www\Yii\framework\web\CWebApplication.php(141): CWebApplication->runController('api/Ciudad')
#8 C:\wamp\www\Yii\framework\base\CApplication.php(180): CWebApplication->processRequest()
#9 C:\wamp\www\cineBack\index.php(13): CApplication->run()
#10 {main}
REQUEST_URI=/cineBack/index.php/api/Ciudad?ciudad=Culiacan%22
---
2014/11/29 01:19:59 [error] [php] Undefined variable: resultado (C:\wamp\www\cineBack\protected\controllers\ApiController.php:30)
Stack trace:
#0 C:\wamp\www\Yii\framework\web\CController.php(286): ApiController->runAction()
#1 C:\wamp\www\Yii\framework\web\CController.php(265): ApiController->runActionWithFilters()
#2 C:\wamp\www\Yii\framework\web\CWebApplication.php(282): ApiController->run()
#3 C:\wamp\www\Yii\framework\web\CWebApplication.php(141): CWebApplication->runController()
#4 C:\wamp\www\Yii\framework\base\CApplication.php(180): CWebApplication->processRequest()
#5 C:\wamp\www\cineBack\index.php(13): CWebApplication->run()
REQUEST_URI=/cineBack/index.php/api/Ciudad?ciudad=Culiacan%22
in C:\wamp\www\cineBack\protected\controllers\ApiController.php (30)
in C:\wamp\www\cineBack\index.php (13)
2014/11/29 01:20:15 [error] [exception.CException] exception 'CException' with message 'ApiController and its behaviors do not have a method or closure named "result".' in C:\wamp\www\Yii\framework\base\CComponent.php:266
Stack trace:
#0 C:\wamp\www\cineBack\protected\controllers\ApiController.php(30): CComponent->__call('result', Array)
#1 C:\wamp\www\cineBack\protected\controllers\ApiController.php(30): ApiController->result(Array)
#2 C:\wamp\www\Yii\framework\web\actions\CInlineAction.php(49): ApiController->actionCiudad()
#3 C:\wamp\www\Yii\framework\web\CController.php(308): CInlineAction->runWithParams(Array)
#4 C:\wamp\www\Yii\framework\web\CController.php(286): CController->runAction(Object(CInlineAction))
#5 C:\wamp\www\Yii\framework\web\CController.php(265): CController->runActionWithFilters(Object(CInlineAction), Array)
#6 C:\wamp\www\Yii\framework\web\CWebApplication.php(282): CController->run('Ciudad')
#7 C:\wamp\www\Yii\framework\web\CWebApplication.php(141): CWebApplication->runController('api/Ciudad')
#8 C:\wamp\www\Yii\framework\base\CApplication.php(180): CWebApplication->processRequest()
#9 C:\wamp\www\cineBack\index.php(13): CApplication->run()
#10 {main}
REQUEST_URI=/cineBack/index.php/api/Ciudad?ciudad=Culiacan%22
---
2014/11/29 01:21:39 [error] [exception.CException] exception 'CException' with message 'ApiController and its behaviors do not have a method or closure named "result".' in C:\wamp\www\Yii\framework\base\CComponent.php:266
Stack trace:
#0 C:\wamp\www\cineBack\protected\controllers\ApiController.php(30): CComponent->__call('result', Array)
#1 C:\wamp\www\cineBack\protected\controllers\ApiController.php(30): ApiController->result(Array)
#2 C:\wamp\www\Yii\framework\web\actions\CInlineAction.php(49): ApiController->actionCiudad()
#3 C:\wamp\www\Yii\framework\web\CController.php(308): CInlineAction->runWithParams(Array)
#4 C:\wamp\www\Yii\framework\web\CController.php(286): CController->runAction(Object(CInlineAction))
#5 C:\wamp\www\Yii\framework\web\CController.php(265): CController->runActionWithFilters(Object(CInlineAction), Array)
#6 C:\wamp\www\Yii\framework\web\CWebApplication.php(282): CController->run('Ciudad')
#7 C:\wamp\www\Yii\framework\web\CWebApplication.php(141): CWebApplication->runController('api/Ciudad')
#8 C:\wamp\www\Yii\framework\base\CApplication.php(180): CWebApplication->processRequest()
#9 C:\wamp\www\cineBack\index.php(13): CApplication->run()
#10 {main}
REQUEST_URI=/cineBack/index.php/api/Ciudad?ciudad=Culiacan%22
---
2014/11/29 01:23:45 [error] [php] Undefined index: ciudad (C:\wamp\www\cineBack\protected\controllers\ApiController.php:32)
Stack trace:
#0 C:\wamp\www\Yii\framework\web\CController.php(286): ApiController->runAction()
#1 C:\wamp\www\Yii\framework\web\CController.php(265): ApiController->runActionWithFilters()
#2 C:\wamp\www\Yii\framework\web\CWebApplication.php(282): ApiController->run()
#3 C:\wamp\www\Yii\framework\web\CWebApplication.php(141): CWebApplication->runController()
#4 C:\wamp\www\Yii\framework\base\CApplication.php(180): CWebApplication->processRequest()
#5 C:\wamp\www\cineBack\index.php(13): CWebApplication->run()
REQUEST_URI=/cineBack/index.php/api/Ciudad?nombre=Culiac%C3%A1n%22
in C:\wamp\www\cineBack\protected\controllers\ApiController.php (32)
in C:\wamp\www\cineBack\index.php (13)
2014/11/29 01:30:58 [error] [php] Undefined index: Culiacán (C:\wamp\www\cineBack\protected\controllers\ApiController.php:33)
Stack trace:
#0 C:\wamp\www\Yii\framework\web\CController.php(286): ApiController->runAction()
#1 C:\wamp\www\Yii\framework\web\CController.php(265): ApiController->runActionWithFilters()
#2 C:\wamp\www\Yii\framework\web\CWebApplication.php(282): ApiController->run()
#3 C:\wamp\www\Yii\framework\web\CWebApplication.php(141): CWebApplication->runController()
#4 C:\wamp\www\Yii\framework\base\CApplication.php(180): CWebApplication->processRequest()
#5 C:\wamp\www\cineBack\index.php(13): CWebApplication->run()
REQUEST_URI=/cineBack/index.php/api/Ciudad?ciudad=Culiac%C3%A1n%22
in C:\wamp\www\cineBack\protected\controllers\ApiController.php (33)
in C:\wamp\www\cineBack\index.php (13)
2014/11/29 01:42:51 [error] [exception.CHttpException.404] exception 'CHttpException' with message 'The system is unable to find the requested action "Ciudad"".' in C:\wamp\www\Yii\framework\web\CController.php:483
Stack trace:
#0 C:\wamp\www\Yii\framework\web\CController.php(270): CController->missingAction('Ciudad"')
#1 C:\wamp\www\Yii\framework\web\CWebApplication.php(282): CController->run('Ciudad"')
#2 C:\wamp\www\Yii\framework\web\CWebApplication.php(141): CWebApplication->runController('api/Ciudad"')
#3 C:\wamp\www\Yii\framework\base\CApplication.php(180): CWebApplication->processRequest()
#4 C:\wamp\www\cineBack\index.php(13): CApplication->run()
#5 {main}
REQUEST_URI=/cineBack/index.php/api/Ciudad%22
---
2014/11/29 01:44:40 [error] [exception.CException] exception 'CException' with message 'Ciudad and its behaviors do not have a method or closure named "setCiudad".' in C:\wamp\www\Yii\framework\base\CComponent.php:266
Stack trace:
#0 C:\wamp\www\Yii\framework\db\ar\CActiveRecord.php(227): CComponent->__call('setCiudad', Array)
#1 C:\wamp\www\cineBack\protected\controllers\ApiController.php(40): CActiveRecord->__call('setCiudad', Array)
#2 C:\wamp\www\cineBack\protected\controllers\ApiController.php(40): Ciudad->setCiudad(NULL)
#3 C:\wamp\www\Yii\framework\web\actions\CInlineAction.php(49): ApiController->actionCiudad()
#4 C:\wamp\www\Yii\framework\web\CController.php(308): CInlineAction->runWithParams(Array)
#5 C:\wamp\www\Yii\framework\web\CController.php(286): CController->runAction(Object(CInlineAction))
#6 C:\wamp\www\Yii\framework\web\CController.php(265): CController->runActionWithFilters(Object(CInlineAction), Array)
#7 C:\wamp\www\Yii\framework\web\CWebApplication.php(282): CController->run('Ciudad')
#8 C:\wamp\www\Yii\framework\web\CWebApplication.php(141): CWebApplication->runController('api/Ciudad')
#9 C:\wamp\www\Yii\framework\base\CApplication.php(180): CWebApplication->processRequest()
#10 C:\wamp\www\cineBack\index.php(13): CApplication->run()
#11 {main}
REQUEST_URI=/cineback/index.php/api/Ciudad
---
2014/11/29 01:46:15 [error] [php] Trying to get property of non-object (C:\wamp\www\cineBack\protected\models\Ciudad.php:31)
Stack trace:
#0 C:\wamp\www\Yii\framework\web\CController.php(308): CInlineAction->runWithParams()
#1 C:\wamp\www\Yii\framework\web\CController.php(286): ApiController->runAction()
#2 C:\wamp\www\Yii\framework\web\CController.php(265): ApiController->runActionWithFilters()
#3 C:\wamp\www\Yii\framework\web\CWebApplication.php(282): ApiController->run()
#4 C:\wamp\www\Yii\framework\web\CWebApplication.php(141): CWebApplication->runController()
#5 C:\wamp\www\Yii\framework\base\CApplication.php(180): CWebApplication->processRequest()
#6 C:\wamp\www\cineBack\index.php(13): CWebApplication->run()
REQUEST_URI=/cineback/index.php/api/Ciudad
in C:\wamp\www\cineBack\protected\models\Ciudad.php (31)
in C:\wamp\www\cineBack\protected\controllers\ApiController.php (40)
in C:\wamp\www\cineBack\index.php (13)
2014/11/29 01:47:15 [error] [php] Trying to get property of non-object (C:\wamp\www\cineBack\protected\models\Ciudad.php:31)
Stack trace:
#0 C:\wamp\www\Yii\framework\web\CController.php(308): CInlineAction->runWithParams()
#1 C:\wamp\www\Yii\framework\web\CController.php(286): ApiController->runAction()
#2 C:\wamp\www\Yii\framework\web\CController.php(265): ApiController->runActionWithFilters()
#3 C:\wamp\www\Yii\framework\web\CWebApplication.php(282): ApiController->run()
#4 C:\wamp\www\Yii\framework\web\CWebApplication.php(141): CWebApplication->runController()
#5 C:\wamp\www\Yii\framework\base\CApplication.php(180): CWebApplication->processRequest()
#6 C:\wamp\www\cineBack\index.php(13): CWebApplication->run()
REQUEST_URI=/cineback/index.php/api/Ciudad
in C:\wamp\www\cineBack\protected\models\Ciudad.php (31)
in C:\wamp\www\cineBack\protected\controllers\ApiController.php (40)
in C:\wamp\www\cineBack\index.php (13)
2014/11/29 01:47:19 [error] [php] Trying to get property of non-object (C:\wamp\www\cineBack\protected\models\Ciudad.php:31)
Stack trace:
#0 C:\wamp\www\Yii\framework\web\CController.php(308): CInlineAction->runWithParams()
#1 C:\wamp\www\Yii\framework\web\CController.php(286): ApiController->runAction()
#2 C:\wamp\www\Yii\framework\web\CController.php(265): ApiController->runActionWithFilters()
#3 C:\wamp\www\Yii\framework\web\CWebApplication.php(282): ApiController->run()
#4 C:\wamp\www\Yii\framework\web\CWebApplication.php(141): CWebApplication->runController()
#5 C:\wamp\www\Yii\framework\base\CApplication.php(180): CWebApplication->processRequest()
#6 C:\wamp\www\cineBack\index.php(13): CWebApplication->run()
REQUEST_URI=/cineback/index.php/api/Ciudad
in C:\wamp\www\cineBack\protected\models\Ciudad.php (31)
in C:\wamp\www\cineBack\protected\controllers\ApiController.php (40)
in C:\wamp\www\cineBack\index.php (13)
2014/11/29 01:47:50 [error] [php] Trying to get property of non-object (C:\wamp\www\cineBack\protected\models\Ciudad.php:31)
Stack trace:
#0 C:\wamp\www\Yii\framework\web\CController.php(308): CInlineAction->runWithParams()
#1 C:\wamp\www\Yii\framework\web\CController.php(286): ApiController->runAction()
#2 C:\wamp\www\Yii\framework\web\CController.php(265): ApiController->runActionWithFilters()
#3 C:\wamp\www\Yii\framework\web\CWebApplication.php(282): ApiController->run()
#4 C:\wamp\www\Yii\framework\web\CWebApplication.php(141): CWebApplication->runController()
#5 C:\wamp\www\Yii\framework\base\CApplication.php(180): CWebApplication->processRequest()
#6 C:\wamp\www\cineBack\index.php(13): CWebApplication->run()
REQUEST_URI=/cineback/index.php/api/Ciudad
in C:\wamp\www\cineBack\protected\models\Ciudad.php (31)
in C:\wamp\www\cineBack\protected\controllers\ApiController.php (40)
in C:\wamp\www\cineBack\index.php (13)
2014/11/29 01:48:02 [error] [php] Trying to get property of non-object (C:\wamp\www\cineBack\protected\models\Ciudad.php:31)
Stack trace:
#0 C:\wamp\www\Yii\framework\web\CController.php(308): CInlineAction->runWithParams()
#1 C:\wamp\www\Yii\framework\web\CController.php(286): ApiController->runAction()
#2 C:\wamp\www\Yii\framework\web\CController.php(265): ApiController->runActionWithFilters()
#3 C:\wamp\www\Yii\framework\web\CWebApplication.php(282): ApiController->run()
#4 C:\wamp\www\Yii\framework\web\CWebApplication.php(141): CWebApplication->runController()
#5 C:\wamp\www\Yii\framework\base\CApplication.php(180): CWebApplication->processRequest()
#6 C:\wamp\www\cineBack\index.php(13): CWebApplication->run()
REQUEST_URI=/cineback/index.php/api/Ciudad
in C:\wamp\www\cineBack\protected\models\Ciudad.php (31)
in C:\wamp\www\cineBack\protected\controllers\ApiController.php (40)
in C:\wamp\www\cineBack\index.php (13)
2014/11/29 01:49:42 [error] [php] Trying to get property of non-object (C:\wamp\www\cineBack\protected\models\Ciudad.php:31)
Stack trace:
#0 C:\wamp\www\Yii\framework\web\CController.php(308): CInlineAction->runWithParams()
#1 C:\wamp\www\Yii\framework\web\CController.php(286): ApiController->runAction()
#2 C:\wamp\www\Yii\framework\web\CController.php(265): ApiController->runActionWithFilters()
#3 C:\wamp\www\Yii\framework\web\CWebApplication.php(282): ApiController->run()
#4 C:\wamp\www\Yii\framework\web\CWebApplication.php(141): CWebApplication->runController()
#5 C:\wamp\www\Yii\framework\base\CApplication.php(180): CWebApplication->processRequest()
#6 C:\wamp\www\cineBack\index.php(13): CWebApplication->run()
REQUEST_URI=/cineback/index.php/api/Ciudad
in C:\wamp\www\cineBack\protected\models\Ciudad.php (31)
in C:\wamp\www\cineBack\protected\controllers\ApiController.php (40)
in C:\wamp\www\cineBack\index.php (13)
2014/11/29 01:49:56 [error] [php] Trying to get property of non-object (C:\wamp\www\cineBack\protected\models\Ciudad.php:31)
Stack trace:
#0 C:\wamp\www\Yii\framework\web\CController.php(308): CInlineAction->runWithParams()
#1 C:\wamp\www\Yii\framework\web\CController.php(286): ApiController->runAction()
#2 C:\wamp\www\Yii\framework\web\CController.php(265): ApiController->runActionWithFilters()
#3 C:\wamp\www\Yii\framework\web\CWebApplication.php(282): ApiController->run()
#4 C:\wamp\www\Yii\framework\web\CWebApplication.php(141): CWebApplication->runController()
#5 C:\wamp\www\Yii\framework\base\CApplication.php(180): CWebApplication->processRequest()
#6 C:\wamp\www\cineBack\index.php(13): CWebApplication->run()
REQUEST_URI=/cineback/index.php/api/Ciudad
in C:\wamp\www\cineBack\protected\models\Ciudad.php (31)
in C:\wamp\www\cineBack\protected\controllers\ApiController.php (40)
in C:\wamp\www\cineBack\index.php (13)
2014/11/29 01:50:26 [error] [php] Trying to get property of non-object (C:\wamp\www\cineBack\protected\models\Ciudad.php:31)
Stack trace:
#0 C:\wamp\www\Yii\framework\web\CController.php(308): CInlineAction->runWithParams()
#1 C:\wamp\www\Yii\framework\web\CController.php(286): ApiController->runAction()
#2 C:\wamp\www\Yii\framework\web\CController.php(265): ApiController->runActionWithFilters()
#3 C:\wamp\www\Yii\framework\web\CWebApplication.php(282): ApiController->run()
#4 C:\wamp\www\Yii\framework\web\CWebApplication.php(141): CWebApplication->runController()
#5 C:\wamp\www\Yii\framework\base\CApplication.php(180): CWebApplication->processRequest()
#6 C:\wamp\www\cineBack\index.php(13): CWebApplication->run()
REQUEST_URI=/cineback/index.php/api/Ciudad
in C:\wamp\www\cineBack\protected\models\Ciudad.php (31)
in C:\wamp\www\cineBack\protected\controllers\ApiController.php (40)
in C:\wamp\www\cineBack\index.php (13)
2014/11/29 01:52:22 [error] [php] Trying to get property of non-object (C:\wamp\www\cineBack\protected\models\Ciudad.php:31)
Stack trace:
#0 C:\wamp\www\Yii\framework\web\CController.php(308): CInlineAction->runWithParams()
#1 C:\wamp\www\Yii\framework\web\CController.php(286): ApiController->runAction()
#2 C:\wamp\www\Yii\framework\web\CController.php(265): ApiController->runActionWithFilters()
#3 C:\wamp\www\Yii\framework\web\CWebApplication.php(282): ApiController->run()
#4 C:\wamp\www\Yii\framework\web\CWebApplication.php(141): CWebApplication->runController()
#5 C:\wamp\www\Yii\framework\base\CApplication.php(180): CWebApplication->processRequest()
#6 C:\wamp\www\cineBack\index.php(13): CWebApplication->run()
REQUEST_URI=/cineback/index.php/api/Ciudad
in C:\wamp\www\cineBack\protected\models\Ciudad.php (31)
in C:\wamp\www\cineBack\protected\controllers\ApiController.php (40)
in C:\wamp\www\cineBack\index.php (13)
2014/11/29 01:53:23 [error] [php] Trying to get property of non-object (C:\wamp\www\cineBack\protected\models\Ciudad.php:31)
Stack trace:
#0 C:\wamp\www\Yii\framework\web\CController.php(308): CInlineAction->runWithParams()
#1 C:\wamp\www\Yii\framework\web\CController.php(286): ApiController->runAction()
#2 C:\wamp\www\Yii\framework\web\CController.php(265): ApiController->runActionWithFilters()
#3 C:\wamp\www\Yii\framework\web\CWebApplication.php(282): ApiController->run()
#4 C:\wamp\www\Yii\framework\web\CWebApplication.php(141): CWebApplication->runController()
#5 C:\wamp\www\Yii\framework\base\CApplication.php(180): CWebApplication->processRequest()
#6 C:\wamp\www\cineBack\index.php(13): CWebApplication->run()
REQUEST_URI=/cineback/index.php/api/Ciudad
in C:\wamp\www\cineBack\protected\models\Ciudad.php (31)
in C:\wamp\www\cineBack\protected\controllers\ApiController.php (40)
in C:\wamp\www\cineBack\index.php (13)
2014/11/29 01:55:03 [error] [exception.CHttpException.404] exception 'CHttpException' with message 'The system is unable to find the requested action "Ciudad=Culiacán".' in C:\wamp\www\Yii\framework\web\CController.php:483
Stack trace:
#0 C:\wamp\www\Yii\framework\web\CController.php(270): CController->missingAction('Ciudad=Culiac\xC3\xA1...')
#1 C:\wamp\www\Yii\framework\web\CWebApplication.php(282): CController->run('Ciudad=Culiac\xC3\xA1...')
#2 C:\wamp\www\Yii\framework\web\CWebApplication.php(141): CWebApplication->runController('api/Ciudad=Culi...')
#3 C:\wamp\www\Yii\framework\base\CApplication.php(180): CWebApplication->processRequest()
#4 C:\wamp\www\cineBack\index.php(13): CApplication->run()
#5 {main}
REQUEST_URI=/cineback/index.php/api/Ciudad=Culiac%C3%A1n
---
2014/11/29 01:56:31 [error] [exception.CException] exception 'CException' with message 'ApiController and its behaviors do not have a method or closure named "headers".' in C:\wamp\www\Yii\framework\base\CComponent.php:266
Stack trace:
#0 C:\wamp\www\cineBack\protected\controllers\ApiController.php(30): CComponent->__call('headers', Array)
#1 C:\wamp\www\cineBack\protected\controllers\ApiController.php(30): ApiController->headers()
#2 C:\wamp\www\Yii\framework\web\actions\CInlineAction.php(49): ApiController->actionCiudad()
#3 C:\wamp\www\Yii\framework\web\CController.php(308): CInlineAction->runWithParams(Array)
#4 C:\wamp\www\Yii\framework\web\CController.php(286): CController->runAction(Object(CInlineAction))
#5 C:\wamp\www\Yii\framework\web\CController.php(265): CController->runActionWithFilters(Object(CInlineAction), Array)
#6 C:\wamp\www\Yii\framework\web\CWebApplication.php(282): CController->run('Ciudad')
#7 C:\wamp\www\Yii\framework\web\CWebApplication.php(141): CWebApplication->runController('api/Ciudad')
#8 C:\wamp\www\Yii\framework\base\CApplication.php(180): CWebApplication->processRequest()
#9 C:\wamp\www\cineBack\index.php(13): CApplication->run()
#10 {main}
REQUEST_URI=/cineback/index.php/api/Ciudad?ciudad=Culiac%C3%A1n
---
2014/11/29 01:56:33 [error] [exception.CException] exception 'CException' with message 'ApiController and its behaviors do not have a method or closure named "headers".' in C:\wamp\www\Yii\framework\base\CComponent.php:266
Stack trace:
#0 C:\wamp\www\cineBack\protected\controllers\ApiController.php(30): CComponent->__call('headers', Array)
#1 C:\wamp\www\cineBack\protected\controllers\ApiController.php(30): ApiController->headers()
#2 C:\wamp\www\Yii\framework\web\actions\CInlineAction.php(49): ApiController->actionCiudad()
#3 C:\wamp\www\Yii\framework\web\CController.php(308): CInlineAction->runWithParams(Array)
#4 C:\wamp\www\Yii\framework\web\CController.php(286): CController->runAction(Object(CInlineAction))
#5 C:\wamp\www\Yii\framework\web\CController.php(265): CController->runActionWithFilters(Object(CInlineAction), Array)
#6 C:\wamp\www\Yii\framework\web\CWebApplication.php(282): CController->run('Ciudad')
#7 C:\wamp\www\Yii\framework\web\CWebApplication.php(141): CWebApplication->runController('api/Ciudad')
#8 C:\wamp\www\Yii\framework\base\CApplication.php(180): CWebApplication->processRequest()
#9 C:\wamp\www\cineBack\index.php(13): CApplication->run()
#10 {main}
REQUEST_URI=/cineback/index.php/api/Ciudad?ciudad=Culiac%C3%A1n
---
2014/11/29 02:36:44 [error] [php] Undefined property: stdClass::$complejos (C:\wamp\www\cineBack\protected\models\Ciudad.php:33)
Stack trace:
#0 C:\wamp\www\Yii\framework\web\CController.php(308): CInlineAction->runWithParams()
#1 C:\wamp\www\Yii\framework\web\CController.php(286): ApiController->runAction()
#2 C:\wamp\www\Yii\framework\web\CController.php(265): ApiController->runActionWithFilters()
#3 C:\wamp\www\Yii\framework\web\CWebApplication.php(282): ApiController->run()
#4 C:\wamp\www\Yii\framework\web\CWebApplication.php(141): CWebApplication->runController()
#5 C:\wamp\www\Yii\framework\base\CApplication.php(180): CWebApplication->processRequest()
#6 C:\wamp\www\cineBack\index.php(13): CWebApplication->run()
REQUEST_URI=/cineback/index.php/api/Ciudad?ciudad=Culiac%C3%A1n
in C:\wamp\www\cineBack\protected\models\Ciudad.php (33)
in C:\wamp\www\cineBack\protected\controllers\ApiController.php (40)
in C:\wamp\www\cineBack\index.php (13)
2014/11/29 02:37:02 [error] [system.db.CDbCommand] CDbCommand::execute() failed: SQLSTATE[23000]: Integrity constraint violation: 1062 Duplicate entry '4' for key 'PRIMARY'. The SQL statement executed was: INSERT INTO `ciudades` (`id_ciudad`, `nombre`, `complejo`) VALUES (:yp0, :yp1, :yp2).
in C:\wamp\www\cineBack\protected\models\Ciudad.php (35)
in C:\wamp\www\cineBack\protected\controllers\ApiController.php (40)
in C:\wamp\www\cineBack\index.php (13)
2014/11/29 02:37:02 [error] [exception.CDbException] exception 'CDbException' with message 'CDbCommand failed to execute the SQL statement: SQLSTATE[23000]: Integrity constraint violation: 1062 Duplicate entry '4' for key 'PRIMARY'. The SQL statement executed was: INSERT INTO `ciudades` (`id_ciudad`, `nombre`, `complejo`) VALUES (:yp0, :yp1, :yp2)' in C:\wamp\www\Yii\framework\db\CDbCommand.php:358
Stack trace:
#0 C:\wamp\www\Yii\framework\db\ar\CActiveRecord.php(1077): CDbCommand->execute()
#1 C:\wamp\www\Yii\framework\db\ar\CActiveRecord.php(806): CActiveRecord->insert(NULL)
#2 C:\wamp\www\cineBack\protected\models\Ciudad.php(35): CActiveRecord->save()
#3 C:\wamp\www\cineBack\protected\controllers\ApiController.php(40): Ciudad->setCiudad(Object(stdClass))
#4 C:\wamp\www\Yii\framework\web\actions\CInlineAction.php(49): ApiController->actionCiudad()
#5 C:\wamp\www\Yii\framework\web\CController.php(308): CInlineAction->runWithParams(Array)
#6 C:\wamp\www\Yii\framework\web\CController.php(286): CController->runAction(Object(CInlineAction))
#7 C:\wamp\www\Yii\framework\web\CController.php(265): CController->runActionWithFilters(Object(CInlineAction), Array)
#8 C:\wamp\www\Yii\framework\web\CWebApplication.php(282): CController->run('Ciudad')
#9 C:\wamp\www\Yii\framework\web\CWebApplication.php(141): CWebApplication->runController('api/Ciudad')
#10 C:\wamp\www\Yii\framework\base\CApplication.php(180): CWebApplication->processRequest()
#11 C:\wamp\www\cineBack\index.php(13): CApplication->run()
#12 {main}
REQUEST_URI=/cineback/index.php/api/Ciudad?ciudad=Culiac%C3%A1n
---
